[debug] [2018-10-27T13:12:29.639Z] ----------------------------------------------------------------------
[debug] [2018-10-27T13:12:29.642Z] Command:       C:\Program Files\nodejs\node.exe C:\Users\Egbur\AppData\Roaming\npm\node_modules\firebase-tools\bin\firebase serve
[debug] [2018-10-27T13:12:29.642Z] CLI Version:   4.2.1
[debug] [2018-10-27T13:12:29.642Z] Platform:      win32
[debug] [2018-10-27T13:12:29.642Z] Node Version:  v10.11.0
[debug] [2018-10-27T13:12:29.657Z] Time:          Sat Oct 27 2018 20:12:29 GMT+0700 (GMT+07:00)
[debug] [2018-10-27T13:12:29.657Z] ----------------------------------------------------------------------
[debug] 
[debug] [2018-10-27T13:12:29.679Z] > command requires scopes: ["email","openid","https://www.googleapis.com/auth/cloudplatformprojects.readonly","https://www.googleapis.com/auth/firebase","https://www.googleapis.com/auth/cloud-platform"]
[debug] [2018-10-27T13:12:29.680Z] > authorizing via signed-in user
[debug] [2018-10-27T13:12:29.683Z] > refreshing access token with scopes: ["email","https://www.googleapis.com/auth/cloud-platform","https://www.googleapis.com/auth/cloudplatformprojects.readonly","https://www.googleapis.com/auth/firebase","openid"]
[debug] [2018-10-27T13:12:29.683Z] >>> HTTP REQUEST POST https://www.googleapis.com/oauth2/v3/token  

[debug] [2018-10-27T13:12:30.008Z] <<< HTTP RESPONSE 200
[debug] [2018-10-27T13:12:30.023Z] >>> HTTP REQUEST GET https://admin.firebase.com/v1/projects/shopee-3b75a  
 
[debug] [2018-10-27T13:12:31.500Z] <<< HTTP RESPONSE 200
[debug] [2018-10-27T13:12:31.501Z] >>> HTTP REQUEST GET https://cloudresourcemanager.googleapis.com/v1/projects/shopee-3b75a  
 
[debug] [2018-10-27T13:12:33.345Z] <<< HTTP RESPONSE 200
[info] 
[info] === Serving from 'D:\Quiz 1'...
[info] 
[debug] [2018-10-27T13:12:33.353Z] >>> HTTP REQUEST GET https://mobilesdk-pa.googleapis.com/v1/projects/722223313355/clients/_:getWebAppConfig  
 
[debug] [2018-10-27T13:12:34.473Z] <<< HTTP RESPONSE 200
[info] i  hosting[shopee-3b75a]: Serving hosting files from: public
[info] +  hosting[shopee-3b75a]: Local server: http://localhost:5000
